<?xml version="1.0" encoding="UTF-8"?>
<!-- Generated by org.testng.reporters.JUnitXMLReporter -->
<testsuite hostname="HIBAIL56713" ignored="18" name="Test" tests="41" failures="0" timestamp="24 Jul 2017 18:30:05 GMT" time="198.25" errors="0">
  <testcase name="validatingFieldsData" time="8.815" classname="com.automation.testcases.AjaxFormSubmitPageTest"/>
  <testcase name="verifyBootstrapAlerts" time="10.946" classname="com.automation.testcases.BootstrapAlertsPageTest"/>
  <testcase name="VerifyTodaysDate" time="1.474" classname="com.automation.testcases.BootstrapDatePickerPageTest"/>
  <testcase name="verifyBootstrapCalendar" time="0.921" classname="com.automation.testcases.BootstrapDatePickerPageTest"/>
  <testcase name="verifyDateCleared" time="1.421" classname="com.automation.testcases.BootstrapDatePickerPageTest"/>
  <testcase name="verifyDaysOfWeekIsDisabled" time="1.404" classname="com.automation.testcases.BootstrapDatePickerPageTest"/>
  <testcase name="verifyStartingWeek" time="1.25" classname="com.automation.testcases.BootstrapDatePickerPageTest"/>
  <testcase name="enterInputFormDetails" time="5.163" classname="com.automation.testcases.InputFormSubmitPageTest"/>
  <testcase name="enterInputFormDetails" time="4.117" classname="com.automation.testcases.InputFormSubmitPageTest"/>
  <testcase name="validatingFieldsData" time="5.227" classname="com.automation.testcases.InputFormSubmitPageTest"/>
  <testcase name="verifyJavascriptAlertPage" time="0.796" classname="com.automation.testcases.JavaScriptAlertPageTest"/>
  <testcase name="verifyJQueryCalendar" time="3.012" classname="com.automation.testcases.JQueryDatePickerPageTest"/>
  <testcase name="verifyJQueryCalendarStartAndEndDates" time="3.693" classname="com.automation.testcases.JQueryDatePickerPageTest"/>
  <testcase name="selectMultipleOption" time="13.657" classname="com.automation.testcases.MultipleSelectDropdownListPageTest"/>
  <testcase name="verifyCheckAllButtonCLick" time="0.89" classname="com.automation.testcases.MultiSelectCheckBoxPageTest"/>
  <testcase name="DropDownWithTerritoryEnabled" time="1.374" classname="com.automation.testcases.Selenium_Easy_JQuery_DropDownTest"/>
  <testcase name="MultiSelectStates" time="0.921" classname="com.automation.testcases.Selenium_Easy_JQuery_DropDownTest"/>
  <testcase name="ValidateJQuerySelectDropdownPage" time="0.625" classname="com.automation.testcases.Selenium_Easy_JQuery_DropDownTest"/>
  <testcase name="VerifyDropdownWithCategoryRelatedOptions" time="18.568" classname="com.automation.testcases.Selenium_Easy_JQuery_DropDownTest"/>
  <testcase name="VerifySearchAndSelectCountry" time="0.969" classname="com.automation.testcases.Selenium_Easy_JQuery_DropDownTest"/>
  <testcase name="VerifyTerritoryDisabled" time="0.781" classname="com.automation.testcases.Selenium_Easy_JQuery_DropDownTest"/>
  <testcase name="checkSingleSelectCheckbox" time="0.608" classname="com.automation.testcases.SingleCheckBoxPageTest"/>
  <testcase name="verifySelectDropdownListDemoPage" time="0.5" classname="com.automation.testcases.SingleSelectDropdownListPageTest"/>
  <testcase name="verifyTableDataSearchPage" time="16.655" classname="com.automation.testcases.TableDataSearchPageTest"/>
  <testcase name="getAlertMessage" time="5.721" classname="com.automation.testcases.JavaScriptAlertPageTest"/>
  <testcase name="getAllOptionsInlistBox" time="0.921" classname="com.automation.testcases.MultipleSelectDropdownListPageTest"/>
  <testcase name="validateSimpleInputFormPage" time="0.766" classname="com.automation.testcases.SimpleFormDemoPageTest"/>
  <testcase name="validateRadioButtonsDemoPage" time="0.64" classname="com.automation.testcases.RadioButtonsDemoPageTest"/>
  <testcase name="verifyButtonLabel" time="0.562" classname="com.automation.testcases.MultiSelectCheckBoxPageTest"/>
  <testcase name="verifyCheckboxPage" time="0.594" classname="com.automation.testcases.SingleCheckBoxPageTest"/>
  <testcase name="SelectDay" time="0.78" classname="com.automation.testcases.SingleSelectDropdownListPageTest"/>
  <testcase name="acceptAlertMessage" time="10.736" classname="com.automation.testcases.JavaScriptAlertPageTest"/>
  <testcase name="getAllSelectedOptions" time="12.259" classname="com.automation.testcases.MultipleSelectDropdownListPageTest"/>
  <testcase name="validateSingleInputField" time="8.402" classname="com.automation.testcases.SimpleFormDemoPageTest"/>
  <testcase name="validateSingleRadioBtnSelection" time="7.133" classname="com.automation.testcases.RadioButtonsDemoPageTest"/>
  <testcase name="verifyBUttonLabelAfterDeselectOneOption" time="0.781" classname="com.automation.testcases.MultiSelectCheckBoxPageTest"/>
  <testcase name="verifySucessMessage" time="1.155" classname="com.automation.testcases.SingleCheckBoxPageTest"/>
  <testcase name="verifySuccessMessage" time="2.193" classname="com.automation.testcases.SingleSelectDropdownListPageTest"/>
  <testcase name="verifyAllOptionSelect" time="26.176" classname="com.automation.testcases.MultiSelectCheckBoxPageTest"/>
  <testcase name="validateTwoInputField" time="5.59" classname="com.automation.testcases.SimpleFormDemoPageTest"/>
  <testcase name="validateGroupRadioBtnSelection" time="5.373" classname="com.automation.testcases.RadioButtonsDemoPageTest"/>
  <testcase name="@BeforeSuite before" time="0.0" classname="com.automation.base.TestBase">
    <ignored/>
  </testcase> <!-- @BeforeSuite before -->
  <testcase name="@BeforeSuite before" time="0.0" classname="com.automation.base.TestBase">
    <ignored/>
  </testcase> <!-- @BeforeSuite before -->
  <testcase name="@BeforeSuite before" time="0.0" classname="com.automation.base.TestBase">
    <ignored/>
  </testcase> <!-- @BeforeSuite before -->
  <testcase name="@BeforeSuite before" time="0.0" classname="com.automation.base.TestBase">
    <ignored/>
  </testcase> <!-- @BeforeSuite before -->
  <testcase name="@BeforeSuite before" time="0.0" classname="com.automation.base.TestBase">
    <ignored/>
  </testcase> <!-- @BeforeSuite before -->
  <testcase name="@BeforeSuite before" time="0.0" classname="com.automation.base.TestBase">
    <ignored/>
  </testcase> <!-- @BeforeSuite before -->
  <testcase name="@BeforeSuite before" time="0.0" classname="com.automation.base.TestBase">
    <ignored/>
  </testcase> <!-- @BeforeSuite before -->
  <testcase name="@BeforeSuite before" time="0.0" classname="com.automation.base.TestBase">
    <ignored/>
  </testcase> <!-- @BeforeSuite before -->
  <testcase name="@BeforeSuite before" time="0.0" classname="com.automation.base.TestBase">
    <ignored/>
  </testcase> <!-- @BeforeSuite before -->
  <testcase name="@AfterSuite after" time="0.0" classname="com.automation.base.TestBase">
    <ignored/>
  </testcase> <!-- @AfterSuite after -->
  <testcase name="@AfterSuite after" time="0.0" classname="com.automation.base.TestBase">
    <ignored/>
  </testcase> <!-- @AfterSuite after -->
  <testcase name="@AfterSuite after" time="0.0" classname="com.automation.base.TestBase">
    <ignored/>
  </testcase> <!-- @AfterSuite after -->
  <testcase name="@AfterSuite after" time="0.0" classname="com.automation.base.TestBase">
    <ignored/>
  </testcase> <!-- @AfterSuite after -->
  <testcase name="@AfterSuite after" time="0.0" classname="com.automation.base.TestBase">
    <ignored/>
  </testcase> <!-- @AfterSuite after -->
  <testcase name="@AfterSuite after" time="0.0" classname="com.automation.base.TestBase">
    <ignored/>
  </testcase> <!-- @AfterSuite after -->
  <testcase name="@AfterSuite after" time="0.0" classname="com.automation.base.TestBase">
    <ignored/>
  </testcase> <!-- @AfterSuite after -->
  <testcase name="@AfterSuite after" time="0.0" classname="com.automation.base.TestBase">
    <ignored/>
  </testcase> <!-- @AfterSuite after -->
  <testcase name="@AfterSuite after" time="0.0" classname="com.automation.base.TestBase">
    <ignored/>
  </testcase> <!-- @AfterSuite after -->
</testsuite> <!-- Test -->
