<?xml version="1.0" encoding="UTF-8"?>
<!-- Generated by org.testng.reporters.JUnitReportReporter -->
<testsuite name="com.automation.testcases.AjaxFormSubmitPageTest" tests="1" time="8.815" ignored="18" failures="0" timestamp="24 Jul 2017 18:30:06 GMT" skipped="0" hostname="HIBAIL56713" errors="0">
  <testcase name="validatingFieldsData" time="8.815" classname="com.automation.testcases.AjaxFormSubmitPageTest"/>
  <testcase name="before" classname="com.automation.base.TestBase">
    <skipped/>
  </testcase> <!-- before -->
  <testcase name="before" classname="com.automation.base.TestBase">
    <skipped/>
  </testcase> <!-- before -->
  <testcase name="before" classname="com.automation.base.TestBase">
    <skipped/>
  </testcase> <!-- before -->
  <testcase name="before" classname="com.automation.base.TestBase">
    <skipped/>
  </testcase> <!-- before -->
  <testcase name="before" classname="com.automation.base.TestBase">
    <skipped/>
  </testcase> <!-- before -->
  <testcase name="before" classname="com.automation.base.TestBase">
    <skipped/>
  </testcase> <!-- before -->
  <testcase name="before" classname="com.automation.base.TestBase">
    <skipped/>
  </testcase> <!-- before -->
  <testcase name="before" classname="com.automation.base.TestBase">
    <skipped/>
  </testcase> <!-- before -->
  <testcase name="before" classname="com.automation.base.TestBase">
    <skipped/>
  </testcase> <!-- before -->
  <testcase name="after" classname="com.automation.base.TestBase">
    <skipped/>
  </testcase> <!-- after -->
  <testcase name="after" classname="com.automation.base.TestBase">
    <skipped/>
  </testcase> <!-- after -->
  <testcase name="after" classname="com.automation.base.TestBase">
    <skipped/>
  </testcase> <!-- after -->
  <testcase name="after" classname="com.automation.base.TestBase">
    <skipped/>
  </testcase> <!-- after -->
  <testcase name="after" classname="com.automation.base.TestBase">
    <skipped/>
  </testcase> <!-- after -->
  <testcase name="after" classname="com.automation.base.TestBase">
    <skipped/>
  </testcase> <!-- after -->
  <testcase name="after" classname="com.automation.base.TestBase">
    <skipped/>
  </testcase> <!-- after -->
  <testcase name="after" classname="com.automation.base.TestBase">
    <skipped/>
  </testcase> <!-- after -->
  <testcase name="after" classname="com.automation.base.TestBase">
    <skipped/>
  </testcase> <!-- after -->
</testsuite> <!-- com.automation.testcases.AjaxFormSubmitPageTest -->
